19/01/04 16:46:50 Started
19/01/04 16:46:50 webclinic: JDevOJSP: init
19/01/04 16:46:50 webclinic: 9.0.4.0.0 Started
19/01/04 16:47:03 webclinic: ProcesoAcceso: init
19/01/04 16:47:45 webclinic: ProcesoAtencion: init
19/01/04 16:48:12 webclinic: ProcesoValida: init
19/01/04 16:48:14 webclinic: ProcesoSolicitud: init
19/01/04 16:48:45 webclinic: Connection reset by peer: socket write error
19/01/04 16:48:45 webclinic: Connection reset by peer: socket write error
19/01/04 16:48:55 webclinic: Connection reset by peer: socket write error
19/01/04 16:48:55 webclinic: Connection reset by peer: socket write error
19/01/04 16:48:57 webclinic: Connection reset by peer: socket write error
19/01/04 16:48:57 webclinic: Connection reset by peer: socket write error
19/01/04 16:48:57 webclinic: Connection reset by peer: socket write error
19/01/04 16:48:57 webclinic: Connection reset by peer: socket write error
19/01/04 16:48:59 webclinic: Connection reset by peer: socket write error
19/01/04 16:48:59 webclinic: Connection reset by peer: socket write error
19/01/04 16:49:01 webclinic: Connection reset by peer: socket write error
19/01/04 16:49:01 webclinic: Connection reset by peer: socket write error
19/01/04 16:49:04 webclinic: Connection reset by peer: socket write error
19/01/04 16:49:04 webclinic: Connection reset by peer: socket write error
19/01/04 16:49:06 webclinic: Connection reset by peer: socket write error
19/01/04 16:49:06 webclinic: Connection reset by peer: socket write error
19/01/04 16:49:38 webclinic: Connection reset by peer: socket write error
19/01/04 16:49:39 webclinic: Connection reset by peer: socket write error
19/01/04 16:49:40 webclinic: Connection reset by peer: socket write error
19/01/04 16:49:40 webclinic: Connection reset by peer: socket write error
19/01/04 16:49:44 webclinic: Connection reset by peer: socket write error
19/01/04 16:49:45 webclinic: Connection reset by peer: socket write error
19/01/04 16:49:45 webclinic: Connection reset by peer: socket write error
19/01/04 16:49:47 webclinic: Connection reset by peer: socket write error
19/01/04 16:49:49 webclinic: Connection reset by peer: socket write error
19/01/04 16:49:50 webclinic: Connection reset by peer: socket write error
19/01/04 16:51:50 Started
19/01/04 16:51:51 webclinic: JDevOJSP: init
19/01/04 16:51:51 webclinic: 9.0.4.0.0 Started
19/01/04 16:51:58 webclinic: ProcesoAcceso: init
19/01/04 16:52:00 webclinic: Connection reset by peer: socket write error
19/01/04 16:52:15 webclinic: ProcesoAtencion: init
19/01/04 16:52:43 webclinic: ProcesoValida: init
19/01/04 16:52:48 webclinic: ProcesoSolicitud: init
19/01/04 17:12:55 Started
19/01/04 17:12:55 webclinic: JDevOJSP: init
19/01/04 17:12:55 webclinic: 9.0.4.0.0 Started
19/01/04 17:13:05 Started
19/01/04 17:13:05 webclinic: JDevOJSP: init
19/01/04 17:13:05 webclinic: 9.0.4.0.0 Started
19/01/04 17:13:14 webclinic: ProcesoAcceso: init
19/01/04 17:14:02 webclinic: ProcesoAtencion: init
19/01/04 17:14:16 webclinic: ProcesoValida: init
19/01/04 17:14:23 webclinic: ProcesoSolicitud: init
19/01/04 17:23:51 Started
19/01/04 17:23:52 webclinic: JDevOJSP: init
19/01/04 17:23:52 webclinic: 9.0.4.0.0 Started
19/01/04 17:24:03 webclinic: ProcesoAcceso: init
19/01/04 17:24:23 webclinic: ProcesoAtencion: init
19/01/04 17:24:44 webclinic: ProcesoValida: init
19/01/04 17:24:47 webclinic: ProcesoSolicitud: init
19/01/04 17:34:14 Started
19/01/04 17:34:15 webclinic: JDevOJSP: init
19/01/04 17:34:15 webclinic: 9.0.4.0.0 Started
19/01/04 17:34:22 webclinic: ProcesoAcceso: init
19/01/04 17:34:38 webclinic: ProcesoAtencion: init
19/01/04 17:34:47 webclinic: Connection reset by peer: socket write error
19/01/04 17:34:56 webclinic: ProcesoValida: init
19/01/04 17:34:59 webclinic: ProcesoSolicitud: init
19/01/04 17:39:02 Started
19/01/04 17:39:03 webclinic: JDevOJSP: init
19/01/04 17:39:03 webclinic: 9.0.4.0.0 Started
19/01/04 17:39:10 webclinic: ProcesoAcceso: init
19/01/04 17:39:33 webclinic: ProcesoAtencion: init
19/01/04 17:39:46 webclinic: ProcesoValida: init
19/01/04 17:39:48 webclinic: ProcesoSolicitud: init
19/01/04 17:47:02 Started
19/01/04 17:47:03 webclinic: JDevOJSP: init
19/01/04 17:47:03 webclinic: 9.0.4.0.0 Started
19/01/04 17:47:11 webclinic: ProcesoAcceso: init
19/01/04 17:47:11 webclinic: Connection reset by peer: socket write error
19/01/04 17:47:21 Started
19/01/04 17:47:22 webclinic: JDevOJSP: init
19/01/04 17:47:22 webclinic: 9.0.4.0.0 Started
19/01/04 17:47:30 webclinic: ProcesoAcceso: init
19/01/04 17:47:49 webclinic: ProcesoAtencion: init
19/01/04 17:48:03 webclinic: ProcesoValida: init
19/01/04 17:48:05 webclinic: ProcesoSolicitud: init
19/01/04 17:52:29 Started
19/01/04 17:52:30 webclinic: JDevOJSP: init
19/01/04 17:52:30 webclinic: 9.0.4.0.0 Started
19/01/04 17:52:35 webclinic: ProcesoAcceso: init
19/01/04 17:52:35 webclinic: Connection reset by peer: socket write error
19/01/04 17:52:43 Started
19/01/04 17:52:44 webclinic: JDevOJSP: init
19/01/04 17:52:44 webclinic: 9.0.4.0.0 Started
19/01/04 17:52:50 webclinic: ProcesoAcceso: init
19/01/04 17:53:29 webclinic: ProcesoAtencion: init
19/01/04 17:53:38 webclinic: Connection reset by peer: socket write error
19/01/04 17:53:41 webclinic: Connection reset by peer: socket write error
19/01/04 17:53:49 webclinic: ProcesoValida: init
19/01/04 17:53:51 webclinic: ProcesoSolicitud: init
19/01/04 17:57:29 Started
19/01/04 17:57:30 webclinic: JDevOJSP: init
19/01/04 17:57:30 webclinic: 9.0.4.0.0 Started
19/01/04 17:58:19 webclinic: ProcesoAcceso: init
19/01/04 17:58:36 webclinic: ProcesoAtencion: init
19/01/04 17:58:50 webclinic: ProcesoValida: init
19/01/04 17:58:53 webclinic: ProcesoSolicitud: init
19/01/04 18:01:49 Started
19/01/04 18:01:50 webclinic: JDevOJSP: init
19/01/04 18:01:50 webclinic: 9.0.4.0.0 Started
19/01/04 18:01:59 webclinic: ProcesoAcceso: init
19/01/04 18:01:59 webclinic: Connection reset by peer: socket write error
19/01/04 18:02:06 Started
19/01/04 18:02:06 webclinic: JDevOJSP: init
19/01/04 18:02:06 webclinic: 9.0.4.0.0 Started
19/01/04 18:02:13 webclinic: ProcesoAcceso: init
19/01/04 18:02:25 webclinic: ProcesoAtencion: init
19/01/04 18:14:35 Started
19/01/04 18:14:36 webclinic: JDevOJSP: init
19/01/04 18:14:36 webclinic: 9.0.4.0.0 Started
19/01/04 18:14:48 webclinic: ProcesoAcceso: init
19/01/04 18:15:14 webclinic: ProcesoAtencion: init
19/01/04 18:15:30 webclinic: Connection reset by peer: socket write error
19/01/04 18:15:37 webclinic: ProcesoValida: init
19/01/04 18:15:49 webclinic: ProcesoSolicitud: init
19/01/04 20:10:33 Started
19/01/04 20:10:34 webclinic: JDevOJSP: init
19/01/04 20:10:34 webclinic: 9.0.4.0.0 Started
19/01/04 20:10:41 webclinic: ProcesoAcceso: init
19/01/04 20:10:58 webclinic: ProcesoAtencion: init
19/01/04 20:11:38 webclinic: ProcesoValida: init
19/01/04 20:11:39 webclinic: ProcesoSolicitud: init
19/01/04 20:16:39 Started
19/01/04 20:16:41 webclinic: JDevOJSP: init
19/01/04 20:16:41 webclinic: 9.0.4.0.0 Started
19/01/04 20:16:49 webclinic: ProcesoAcceso: init
19/01/04 20:16:50 webclinic: Connection reset by peer: socket write error
19/01/04 20:17:19 webclinic: ProcesoAtencion: init
19/01/04 20:18:24 webclinic: ProcesoValida: init
19/01/04 20:18:26 webclinic: ProcesoSolicitud: init
19/01/04 21:23:09 Started
19/01/04 21:23:10 webclinic: JDevOJSP: init
19/01/04 21:23:10 webclinic: 9.0.4.0.0 Started
19/01/04 21:23:16 webclinic: ProcesoAcceso: init
19/01/04 21:23:17 webclinic: Connection reset by peer: socket write error
19/01/04 21:23:36 webclinic: ProcesoAtencion: init
19/01/04 21:23:55 webclinic: ProcesoValida: init
19/01/04 21:24:00 webclinic: ProcesoSolicitud: init
19/01/04 21:27:26 Started
19/01/04 21:27:27 webclinic: JDevOJSP: init
19/01/04 21:27:27 webclinic: 9.0.4.0.0 Started
19/01/04 21:44:33 Started
19/01/04 21:44:34 webclinic: JDevOJSP: init
19/01/04 21:44:34 webclinic: 9.0.4.0.0 Started
19/01/04 21:44:46 webclinic: ProcesoAcceso: init
19/01/04 21:44:55 webclinic: ProcesoAtencion: init
19/01/04 21:45:07 webclinic: ProcesoValida: init
19/01/04 21:45:08 webclinic: ProcesoSolicitud: init
19/01/04 21:50:48 webclinic: com.evermind.server.http.NotFoundServlet: init
19/01/04 22:00:47 Started
19/01/04 22:00:48 webclinic: JDevOJSP: init
19/01/04 22:00:48 webclinic: 9.0.4.0.0 Started
19/01/04 22:00:55 webclinic: ProcesoAcceso: init
19/01/04 22:00:56 webclinic: Connection reset by peer: socket write error
19/01/04 22:01:02 webclinic: ProcesoAtencion: init
19/01/04 22:01:13 webclinic: ProcesoValida: init
19/01/04 22:01:16 webclinic: ProcesoSolicitud: init
19/01/04 22:10:12 webclinic: com.evermind.server.http.NotFoundServlet: init
19/01/04 23:37:03 Started
19/01/04 23:37:05 webclinic: JDevOJSP: init
19/01/04 23:37:05 webclinic: 9.0.4.0.0 Started
19/01/04 23:37:17 webclinic: ProcesoAcceso: init
19/01/04 23:37:25 webclinic: ProcesoAtencion: init
19/01/04 23:37:38 webclinic: ProcesoValida: init
19/01/04 23:37:40 webclinic: ProcesoSolicitud: init
19/01/04 23:37:57 webclinic: com.evermind.server.http.NotFoundServlet: init
19/01/06 16:24:53 Started
19/01/06 16:24:54 webclinic: JDevOJSP: init
19/01/06 16:24:54 webclinic: 9.0.4.0.0 Started
19/01/06 16:25:17 webclinic: ProcesoAcceso: init
19/01/06 16:25:29 webclinic: ProcesoAtencion: init
19/01/06 16:25:50 webclinic: ProcesoValida: init
19/01/06 16:25:53 webclinic: ProcesoSolicitud: init
19/01/06 16:26:24 webclinic: com.evermind.server.http.NotFoundServlet: init
19/01/06 23:39:57 Started
19/01/06 23:39:58 webclinic: JDevOJSP: init
19/01/06 23:39:58 webclinic: 9.0.4.0.0 Started
19/01/06 23:56:10 Started
19/01/06 23:56:11 webclinic: JDevOJSP: init
19/01/06 23:56:11 webclinic: 9.0.4.0.0 Started
19/01/06 23:56:22 webclinic: ProcesoAcceso: init
19/01/06 23:56:36 webclinic: ProcesoAtencion: init
19/01/06 23:56:50 webclinic: ProcesoValida: init
19/01/06 23:58:11 webclinic: ProcesoSolicitud: init
19/01/07 02:22:12 Started
19/01/07 02:22:13 webclinic: JDevOJSP: init
19/01/07 02:22:13 webclinic: 9.0.4.0.0 Started
19/01/07 02:22:25 webclinic: ProcesoAcceso: init
19/01/07 02:22:47 webclinic: ProcesoAtencion: init
19/01/07 02:23:19 webclinic: ProcesoValida: init
19/01/07 02:25:27 webclinic: ProcesoSolicitud: init
19/01/07 04:58:04 webclinic: Connection reset by peer: socket write error
19/01/07 05:00:33 Started
19/01/07 05:00:33 webclinic: JDevOJSP: init
19/01/07 05:00:33 webclinic: 9.0.4.0.0 Started
19/01/07 05:00:43 webclinic: ProcesoAcceso: init
19/01/07 05:00:51 webclinic: ProcesoAtencion: init
19/01/07 05:01:11 webclinic: ProcesoValida: init
19/01/07 05:01:25 webclinic: ProcesoSolicitud: init
19/01/07 05:07:21 webclinic: com.evermind.server.http.NotFoundServlet: init
19/01/07 06:14:06 Started
19/01/07 06:14:06 webclinic: JDevOJSP: init
19/01/07 06:14:06 webclinic: 9.0.4.0.0 Started
19/01/07 06:14:16 webclinic: ProcesoAcceso: init
19/01/07 07:23:51 Started
19/01/07 07:23:52 webclinic: JDevOJSP: init
19/01/07 07:23:52 webclinic: 9.0.4.0.0 Started
19/01/07 07:24:04 webclinic: ProcesoAcceso: init
19/01/07 07:24:14 webclinic: ProcesoAtencion: init
19/01/07 07:24:35 webclinic: ProcesoValida: init
19/01/07 07:24:48 webclinic: ProcesoSolicitud: init
19/01/07 07:27:21 webclinic: com.evermind.server.http.NotFoundServlet: init
19/01/07 08:03:40 webclinic: Connection reset by peer: socket write error
19/01/07 08:13:01 Started
19/01/07 08:13:02 webclinic: JDevOJSP: init
19/01/07 08:13:02 webclinic: 9.0.4.0.0 Started
19/01/07 08:13:11 webclinic: ProcesoAcceso: init
19/01/07 08:13:21 webclinic: ProcesoAtencion: init
19/01/07 08:13:49 webclinic: ProcesoValida: init
19/01/07 08:14:00 webclinic: ProcesoSolicitud: init
19/01/07 08:23:52 Started
19/01/07 08:23:52 webclinic: JDevOJSP: init
19/01/07 08:23:52 webclinic: 9.0.4.0.0 Started
19/01/07 08:24:02 webclinic: ProcesoAcceso: init
19/01/07 08:24:11 webclinic: ProcesoAtencion: init
19/01/07 08:24:26 webclinic: ProcesoValida: init
19/01/07 08:24:38 webclinic: ProcesoSolicitud: init
19/01/07 08:37:38 Started
19/01/07 08:37:39 webclinic: JDevOJSP: init
19/01/07 08:37:39 webclinic: 9.0.4.0.0 Started
19/01/07 08:37:51 webclinic: ProcesoAcceso: init
19/01/07 08:38:01 webclinic: ProcesoAtencion: init
19/01/07 08:38:15 webclinic: ProcesoValida: init
19/01/07 08:38:36 webclinic: ProcesoSolicitud: init
19/01/07 08:40:35 webclinic: com.evermind.server.http.NotFoundServlet: init
19/01/07 10:34:03 Started
19/01/07 10:34:04 webclinic: JDevOJSP: init
19/01/07 10:34:04 webclinic: 9.0.4.0.0 Started
19/01/07 10:34:16 webclinic: ProcesoAcceso: init
19/01/07 10:34:26 webclinic: ProcesoAtencion: init
19/01/07 10:34:44 webclinic: ProcesoValida: init
19/01/07 10:34:57 webclinic: ProcesoSolicitud: init
19/01/07 10:41:38 webclinic: com.evermind.server.http.NotFoundServlet: init
19/01/07 10:52:41 Started
19/01/07 10:52:42 webclinic: JDevOJSP: init
19/01/07 10:52:42 webclinic: 9.0.4.0.0 Started
19/01/07 10:52:51 webclinic: ProcesoAcceso: init
19/01/07 10:53:00 webclinic: ProcesoAtencion: init
19/01/07 10:53:16 webclinic: ProcesoValida: init
19/01/07 10:53:30 webclinic: ProcesoSolicitud: init
19/01/07 10:53:57 webclinic: com.evermind.server.http.NotFoundServlet: init
19/01/07 11:41:38 Started
19/01/07 11:41:38 webclinic: JDevOJSP: init
19/01/07 11:41:38 webclinic: 9.0.4.0.0 Started
19/01/07 11:44:06 webclinic: ProcesoAcceso: init
19/01/07 11:44:20 webclinic: ProcesoAtencion: init
19/01/07 11:44:34 webclinic: ProcesoValida: init
19/01/07 11:44:44 webclinic: ProcesoSolicitud: init
19/01/07 11:44:52 webclinic: com.evermind.server.http.NotFoundServlet: init
19/01/07 11:51:59 webclinic: Servlet error
java.lang.NullPointerException
	at com.clinica.daos.PolClinicDAOImpl.getCoberSin(PolClinicDAOImpl.java:1126)
	at com.clinica.service.GestorPolClinic.getCoberSin(GestorPolClinic.java:87)
	at com.clinica.controller.ProcesoSolicitud.doGet(ProcesoSolicitud.java:215)
	at com.clinica.controller.ProcesoSolicitud.doPost(ProcesoSolicitud.java:1127)
	at javax.servlet.http.HttpServlet.service(HttpServlet.java:760)
	at javax.servlet.http.HttpServlet.service(HttpServlet.java:853)
	at com.evermind[Oracle Application Server Containers for J2EE 10g (9.0.4.0.0)].server.http.ResourceFilterChain.doFilter(ResourceFilterChain.java:65)
	at oracle.security.jazn.oc4j.JAZNFilter.doFilter(Unknown Source)
	at com.evermind[Oracle Application Server Containers for J2EE 10g (9.0.4.0.0)].server.http.ServletRequestDispatcher.invoke(ServletRequestDispatcher.java:604)
	at com.evermind[Oracle Application Server Containers for J2EE 10g (9.0.4.0.0)].server.http.ServletRequestDispatcher.forwardInternal(ServletRequestDispatcher.java:317)
	at com.evermind[Oracle Application Server Containers for J2EE 10g (9.0.4.0.0)].server.http.HttpRequestHandler.processRequest(HttpRequestHandler.java:790)
	at com.evermind[Oracle Application Server Containers for J2EE 10g (9.0.4.0.0)].server.http.HttpRequestHandler.run(HttpRequestHandler.java:270)
	at com.evermind[Oracle Application Server Containers for J2EE 10g (9.0.4.0.0)].server.http.HttpRequestHandler.run(HttpRequestHandler.java:112)
	at com.evermind[Oracle Application Server Containers for J2EE 10g (9.0.4.0.0)].util.ReleasableResourcePooledExecutor$MyWorker.run(ReleasableResourcePooledExecutor.java:192)
	at java.lang.Thread.run(Thread.java:534)
19/01/07 11:59:52 Started
19/01/07 11:59:53 webclinic: JDevOJSP: init
19/01/07 11:59:53 webclinic: 9.0.4.0.0 Started
19/01/07 12:00:16 webclinic: ProcesoAcceso: init
19/01/07 12:00:37 webclinic: ProcesoAtencion: init
19/01/07 12:01:03 webclinic: ProcesoSolicitud: init
19/01/07 12:02:19 webclinic: ProcesoValida: init
19/01/07 12:05:31 Started
19/01/07 12:05:31 webclinic: JDevOJSP: init
19/01/07 12:05:31 webclinic: 9.0.4.0.0 Started
19/01/07 12:06:47 webclinic: ProcesoAcceso: init
19/01/07 12:06:57 webclinic: ProcesoAtencion: init
19/01/07 12:07:18 webclinic: ProcesoSolicitud: init
19/01/07 12:13:33 webclinic: Servlet error
java.lang.NullPointerException
	at _menu._Menu._jspService(Menu.jsp:24)
	at oracle.jsp.runtime.HttpJsp.service(HttpJsp.java:139)
	at oracle.jsp.runtimev2.JspPageTable.service(JspPageTable.java:349)
	at oracle.jsp.runtimev2.JspServlet.internalService(JspServlet.java:509)
	at oracle.jsp.runtimev2.JspServlet.service(JspServlet.java:413)
	at javax.servlet.http.HttpServlet.service(HttpServlet.java:853)
	at com.evermind[Oracle Application Server Containers for J2EE 10g (9.0.4.0.0)].server.http.ResourceFilterChain.doFilter(ResourceFilterChain.java:65)
	at oracle.security.jazn.oc4j.JAZNFilter.doFilter(Unknown Source)
	at com.evermind[Oracle Application Server Containers for J2EE 10g (9.0.4.0.0)].server.http.ServletRequestDispatcher.invoke(ServletRequestDispatcher.java:604)
	at com.evermind[Oracle Application Server Containers for J2EE 10g (9.0.4.0.0)].server.http.ServletRequestDispatcher.include(ServletRequestDispatcher.java:121)
	at com.evermind[Oracle Application Server Containers for J2EE 10g (9.0.4.0.0)].server.http.EvermindPageContext.include(EvermindPageContext.java:267)
	at _consulta._Atencion._jspService(Atencion.jsp:5)
	at oracle.jsp.runtime.HttpJsp.service(HttpJsp.java:139)
	at oracle.jsp.runtimev2.JspPageTable.service(JspPageTable.java:349)
	at oracle.jsp.runtimev2.JspServlet.internalService(JspServlet.java:509)
	at oracle.jsp.runtimev2.JspServlet.service(JspServlet.java:413)
	at javax.servlet.http.HttpServlet.service(HttpServlet.java:853)
	at com.evermind[Oracle Application Server Containers for J2EE 10g (9.0.4.0.0)].server.http.ResourceFilterChain.doFilter(ResourceFilterChain.java:65)
	at oracle.security.jazn.oc4j.JAZNFilter.doFilter(Unknown Source)
	at com.evermind[Oracle Application Server Containers for J2EE 10g (9.0.4.0.0)].server.http.ServletRequestDispatcher.invoke(ServletRequestDispatcher.java:604)
	at com.evermind[Oracle Application Server Containers for J2EE 10g (9.0.4.0.0)].server.http.ServletRequestDispatcher.forwardInternal(ServletRequestDispatcher.java:317)
	at com.evermind[Oracle Application Server Containers for J2EE 10g (9.0.4.0.0)].server.http.HttpRequestHandler.processRequest(HttpRequestHandler.java:790)
	at com.evermind[Oracle Application Server Containers for J2EE 10g (9.0.4.0.0)].server.http.HttpRequestHandler.run(HttpRequestHandler.java:270)
	at com.evermind[Oracle Application Server Containers for J2EE 10g (9.0.4.0.0)].server.http.HttpRequestHandler.run(HttpRequestHandler.java:112)
	at com.evermind[Oracle Application Server Containers for J2EE 10g (9.0.4.0.0)].util.ReleasableResourcePooledExecutor$MyWorker.run(ReleasableResourcePooledExecutor.java:192)
	at java.lang.Thread.run(Thread.java:534)
19/01/07 12:13:36 webclinic: Servlet error
java.lang.NullPointerException
	at _menu._Menu._jspService(Menu.jsp:24)
	at oracle.jsp.runtime.HttpJsp.service(HttpJsp.java:139)
	at oracle.jsp.runtimev2.JspPageTable.service(JspPageTable.java:349)
	at oracle.jsp.runtimev2.JspServlet.internalService(JspServlet.java:509)
	at oracle.jsp.runtimev2.JspServlet.service(JspServlet.java:413)
	at javax.servlet.http.HttpServlet.service(HttpServlet.java:853)
	at com.evermind[Oracle Application Server Containers for J2EE 10g (9.0.4.0.0)].server.http.ResourceFilterChain.doFilter(ResourceFilterChain.java:65)
	at oracle.security.jazn.oc4j.JAZNFilter.doFilter(Unknown Source)
	at com.evermind[Oracle Application Server Containers for J2EE 10g (9.0.4.0.0)].server.http.ServletRequestDispatcher.invoke(ServletRequestDispatcher.java:604)
	at com.evermind[Oracle Application Server Containers for J2EE 10g (9.0.4.0.0)].server.http.ServletRequestDispatcher.include(ServletRequestDispatcher.java:121)
	at com.evermind[Oracle Application Server Containers for J2EE 10g (9.0.4.0.0)].server.http.EvermindPageContext.include(EvermindPageContext.java:267)
	at _consulta._Atencion._jspService(Atencion.jsp:5)
	at oracle.jsp.runtime.HttpJsp.service(HttpJsp.java:139)
	at oracle.jsp.runtimev2.JspPageTable.service(JspPageTable.java:349)
	at oracle.jsp.runtimev2.JspServlet.internalService(JspServlet.java:509)
	at oracle.jsp.runtimev2.JspServlet.service(JspServlet.java:413)
	at javax.servlet.http.HttpServlet.service(HttpServlet.java:853)
	at com.evermind[Oracle Application Server Containers for J2EE 10g (9.0.4.0.0)].server.http.ResourceFilterChain.doFilter(ResourceFilterChain.java:65)
	at oracle.security.jazn.oc4j.JAZNFilter.doFilter(Unknown Source)
	at com.evermind[Oracle Application Server Containers for J2EE 10g (9.0.4.0.0)].server.http.ServletRequestDispatcher.invoke(ServletRequestDispatcher.java:604)
	at com.evermind[Oracle Application Server Containers for J2EE 10g (9.0.4.0.0)].server.http.ServletRequestDispatcher.forwardInternal(ServletRequestDispatcher.java:317)
	at com.evermind[Oracle Application Server Containers for J2EE 10g (9.0.4.0.0)].server.http.HttpRequestHandler.processRequest(HttpRequestHandler.java:790)
	at com.evermind[Oracle Application Server Containers for J2EE 10g (9.0.4.0.0)].server.http.HttpRequestHandler.run(HttpRequestHandler.java:270)
	at com.evermind[Oracle Application Server Containers for J2EE 10g (9.0.4.0.0)].server.http.HttpRequestHandler.run(HttpRequestHandler.java:112)
	at com.evermind[Oracle Application Server Containers for J2EE 10g (9.0.4.0.0)].util.ReleasableResourcePooledExecutor$MyWorker.run(ReleasableResourcePooledExecutor.java:192)
	at java.lang.Thread.run(Thread.java:534)
19/01/07 12:13:42 webclinic: Servlet error
java.lang.NullPointerException
	at _menu._Menu._jspService(Menu.jsp:24)
	at oracle.jsp.runtime.HttpJsp.service(HttpJsp.java:139)
	at oracle.jsp.runtimev2.JspPageTable.service(JspPageTable.java:349)
	at oracle.jsp.runtimev2.JspServlet.internalService(JspServlet.java:509)
	at oracle.jsp.runtimev2.JspServlet.service(JspServlet.java:413)
	at javax.servlet.http.HttpServlet.service(HttpServlet.java:853)
	at com.evermind[Oracle Application Server Containers for J2EE 10g (9.0.4.0.0)].server.http.ResourceFilterChain.doFilter(ResourceFilterChain.java:65)
	at oracle.security.jazn.oc4j.JAZNFilter.doFilter(Unknown Source)
	at com.evermind[Oracle Application Server Containers for J2EE 10g (9.0.4.0.0)].server.http.ServletRequestDispatcher.invoke(ServletRequestDispatcher.java:604)
	at com.evermind[Oracle Application Server Containers for J2EE 10g (9.0.4.0.0)].server.http.ServletRequestDispatcher.include(ServletRequestDispatcher.java:121)
	at com.evermind[Oracle Application Server Containers for J2EE 10g (9.0.4.0.0)].server.http.EvermindPageContext.include(EvermindPageContext.java:267)
	at _consulta._Atencion._jspService(Atencion.jsp:5)
	at oracle.jsp.runtime.HttpJsp.service(HttpJsp.java:139)
	at oracle.jsp.runtimev2.JspPageTable.service(JspPageTable.java:349)
	at oracle.jsp.runtimev2.JspServlet.internalService(JspServlet.java:509)
	at oracle.jsp.runtimev2.JspServlet.service(JspServlet.java:413)
	at javax.servlet.http.HttpServlet.service(HttpServlet.java:853)
	at com.evermind[Oracle Application Server Containers for J2EE 10g (9.0.4.0.0)].server.http.ResourceFilterChain.doFilter(ResourceFilterChain.java:65)
	at oracle.security.jazn.oc4j.JAZNFilter.doFilter(Unknown Source)
	at com.evermind[Oracle Application Server Containers for J2EE 10g (9.0.4.0.0)].server.http.ServletRequestDispatcher.invoke(ServletRequestDispatcher.java:604)
	at com.evermind[Oracle Application Server Containers for J2EE 10g (9.0.4.0.0)].server.http.ServletRequestDispatcher.forwardInternal(ServletRequestDispatcher.java:317)
	at com.evermind[Oracle Application Server Containers for J2EE 10g (9.0.4.0.0)].server.http.HttpRequestHandler.processRequest(HttpRequestHandler.java:790)
	at com.evermind[Oracle Application Server Containers for J2EE 10g (9.0.4.0.0)].server.http.HttpRequestHandler.run(HttpRequestHandler.java:270)
	at com.evermind[Oracle Application Server Containers for J2EE 10g (9.0.4.0.0)].server.http.HttpRequestHandler.run(HttpRequestHandler.java:112)
	at com.evermind[Oracle Application Server Containers for J2EE 10g (9.0.4.0.0)].util.ReleasableResourcePooledExecutor$MyWorker.run(ReleasableResourcePooledExecutor.java:192)
	at java.lang.Thread.run(Thread.java:534)
19/01/07 12:14:31 webclinic: ProcesoValida: init
19/01/07 12:19:11 Started
19/01/07 12:19:12 webclinic: JDevOJSP: init
19/01/07 12:19:12 webclinic: 9.0.4.0.0 Started
19/01/07 12:19:27 webclinic: com.evermind.server.http.NotFoundServlet: init
19/01/07 12:19:58 webclinic: ProcesoAcceso: init
19/01/07 13:31:52 Started
19/01/07 13:31:53 webclinic: JDevOJSP: init
19/01/07 13:31:53 webclinic: 9.0.4.0.0 Started
19/01/07 13:32:46 Started
19/01/07 13:32:47 webclinic: JDevOJSP: init
19/01/07 13:32:47 webclinic: 9.0.4.0.0 Started
19/01/07 13:33:01 webclinic: ProcesoAcceso: init
19/01/07 13:33:31 webclinic: ProcesoAtencion: init
19/01/08 16:09:23 Started
19/01/08 16:09:24 webclinic: JDevOJSP: init
19/01/08 16:09:24 webclinic: 9.0.4.0.0 Started
19/01/08 16:09:34 webclinic: ProcesoAcceso: init
19/01/08 16:09:46 webclinic: com.evermind.server.http.NotFoundServlet: init
19/01/08 16:40:44 webclinic: ProcesoAtencion: init
19/01/08 16:41:31 Started
19/01/08 16:41:32 webclinic: JDevOJSP: init
19/01/08 16:41:32 webclinic: 9.0.4.0.0 Started
19/01/08 16:41:51 webclinic: ProcesoAcceso: init
19/01/08 16:42:02 webclinic: ProcesoAtencion: init
19/01/08 16:50:31 Started
19/01/08 16:50:32 webclinic: JDevOJSP: init
19/01/08 16:50:32 webclinic: 9.0.4.0.0 Started
19/01/08 16:50:46 webclinic: ProcesoAcceso: init
19/01/08 16:50:54 webclinic: ProcesoAtencion: init
19/01/08 16:51:58 webclinic: Connection reset by peer: socket write error
19/01/08 16:51:58 webclinic: Connection reset by peer: socket write error
19/01/08 16:51:58 webclinic: Connection reset by peer: socket write error
19/01/08 16:51:58 webclinic: Connection reset by peer: socket write error
19/01/08 16:52:02 webclinic: Connection reset by peer: socket write error
19/01/08 16:52:02 webclinic: Connection reset by peer: socket write error
19/01/08 16:52:02 webclinic: Connection reset by peer: socket write error
19/01/08 16:52:02 webclinic: Connection reset by peer: socket write error
19/01/08 16:52:02 webclinic: Connection reset by peer: socket write error
19/01/08 16:52:02 webclinic: Connection reset by peer: socket write error
19/01/08 16:52:02 webclinic: Connection reset by peer: socket write error
19/01/08 16:52:02 webclinic: Connection reset by peer: socket write error
19/01/08 16:52:03 webclinic: Connection reset by peer: socket write error
19/01/08 16:52:03 webclinic: Connection reset by peer: socket write error
19/01/08 16:52:03 webclinic: Connection reset by peer: socket write error
19/01/08 16:52:03 webclinic: Connection reset by peer: socket write error
19/01/08 16:52:03 webclinic: Connection reset by peer: socket write error
19/01/08 16:52:03 webclinic: Connection reset by peer: socket write error
19/01/08 16:52:03 webclinic: Connection reset by peer: socket write error
19/01/08 16:52:03 webclinic: Connection reset by peer: socket write error
19/01/08 16:52:04 webclinic: Connection reset by peer: socket write error
19/01/08 16:52:04 webclinic: Connection reset by peer: socket write error
19/01/08 16:52:04 webclinic: Connection reset by peer: socket write error
19/01/08 16:52:04 webclinic: Connection reset by peer: socket write error
19/01/08 16:52:04 webclinic: Connection reset by peer: socket write error
19/01/08 16:52:04 webclinic: Connection reset by peer: socket write error
19/01/08 16:52:04 webclinic: Connection reset by peer: socket write error
19/01/08 16:52:04 webclinic: Connection reset by peer: socket write error
19/01/08 16:52:05 webclinic: Connection reset by peer: socket write error
19/01/08 16:52:05 webclinic: Connection reset by peer: socket write error
19/01/08 16:52:05 webclinic: Connection reset by peer: socket write error
19/01/08 16:52:05 webclinic: Connection reset by peer: socket write error
19/01/08 16:52:05 webclinic: Connection reset by peer: socket write error
19/01/08 16:52:05 webclinic: Connection reset by peer: socket write error
19/01/08 16:52:05 webclinic: Connection reset by peer: socket write error
19/01/08 16:52:05 webclinic: Connection reset by peer: socket write error
19/01/08 16:52:05 webclinic: Connection reset by peer: socket write error
19/01/08 16:52:05 webclinic: Connection reset by peer: socket write error
19/01/08 16:52:05 webclinic: Connection reset by peer: socket write error
19/01/08 16:52:05 webclinic: Connection reset by peer: socket write error
19/01/08 16:52:05 webclinic: Connection reset by peer: socket write error
19/01/08 16:52:05 webclinic: Connection reset by peer: socket write error
19/01/08 16:52:05 webclinic: Connection reset by peer: socket write error
19/01/08 16:52:05 webclinic: Connection reset by peer: socket write error
19/01/08 16:52:15 webclinic: Connection reset by peer: socket write error
19/01/08 16:52:15 webclinic: Connection reset by peer: socket write error
19/01/08 16:52:15 webclinic: Connection reset by peer: socket write error
19/01/08 16:52:15 webclinic: Connection reset by peer: socket write error
19/01/08 16:52:18 webclinic: Connection reset by peer: socket write error
19/01/08 16:52:18 webclinic: Connection reset by peer: socket write error
19/01/08 16:52:18 webclinic: Connection reset by peer: socket write error
19/01/08 16:52:18 webclinic: Connection reset by peer: socket write error
19/01/08 16:52:19 webclinic: Connection reset by peer: socket write error
19/01/08 16:52:19 webclinic: Connection reset by peer: socket write error
19/01/08 16:52:19 webclinic: Connection reset by peer: socket write error
19/01/08 16:52:19 webclinic: Connection reset by peer: socket write error
19/01/08 16:52:19 webclinic: Connection reset by peer: socket write error
19/01/08 16:52:19 webclinic: Connection reset by peer: socket write error
19/01/08 16:52:19 webclinic: Connection reset by peer: socket write error
19/01/08 16:52:19 webclinic: Connection reset by peer: socket write error
19/01/08 16:52:19 webclinic: Connection reset by peer: socket write error
19/01/08 16:52:19 webclinic: Connection reset by peer: socket write error
19/01/08 16:52:19 webclinic: Connection reset by peer: socket write error
19/01/08 16:52:19 webclinic: Connection reset by peer: socket write error
19/01/08 16:52:20 webclinic: Connection reset by peer: socket write error
19/01/08 16:52:20 webclinic: Connection reset by peer: socket write error
19/01/08 16:52:20 webclinic: Connection reset by peer: socket write error
19/01/08 16:52:20 webclinic: Connection reset by peer: socket write error
19/01/08 16:52:20 webclinic: Connection reset by peer: socket write error
19/01/08 16:52:20 webclinic: Connection reset by peer: socket write error
19/01/08 16:52:20 webclinic: Connection reset by peer: socket write error
19/01/08 16:52:20 webclinic: Connection reset by peer: socket write error
19/01/08 16:52:20 webclinic: Connection reset by peer: socket write error
19/01/08 16:52:20 webclinic: Connection reset by peer: socket write error
19/01/08 16:52:20 webclinic: Connection reset by peer: socket write error
19/01/08 16:52:20 webclinic: Connection reset by peer: socket write error
19/01/08 16:53:02 webclinic: com.evermind.server.http.NotFoundServlet: init
19/01/08 16:53:09 webclinic: Servlet error
java.lang.NullPointerException
	at _menu._Menu._jspService(Menu.jsp:24)
	at oracle.jsp.runtime.HttpJsp.service(HttpJsp.java:139)
	at oracle.jsp.runtimev2.JspPageTable.service(JspPageTable.java:349)
	at oracle.jsp.runtimev2.JspServlet.internalService(JspServlet.java:509)
	at oracle.jsp.runtimev2.JspServlet.service(JspServlet.java:413)
	at javax.servlet.http.HttpServlet.service(HttpServlet.java:853)
	at com.evermind[Oracle Application Server Containers for J2EE 10g (9.0.4.0.0)].server.http.ResourceFilterChain.doFilter(ResourceFilterChain.java:65)
	at oracle.security.jazn.oc4j.JAZNFilter.doFilter(Unknown Source)
	at com.evermind[Oracle Application Server Containers for J2EE 10g (9.0.4.0.0)].server.http.ServletRequestDispatcher.invoke(ServletRequestDispatcher.java:604)
	at com.evermind[Oracle Application Server Containers for J2EE 10g (9.0.4.0.0)].server.http.ServletRequestDispatcher.include(ServletRequestDispatcher.java:121)
	at com.evermind[Oracle Application Server Containers for J2EE 10g (9.0.4.0.0)].server.http.EvermindPageContext.include(EvermindPageContext.java:267)
	at _consulta._Atencion._jspService(Atencion.jsp:5)
	at oracle.jsp.runtime.HttpJsp.service(HttpJsp.java:139)
	at oracle.jsp.runtimev2.JspPageTable.service(JspPageTable.java:349)
	at oracle.jsp.runtimev2.JspServlet.internalService(JspServlet.java:509)
	at oracle.jsp.runtimev2.JspServlet.service(JspServlet.java:413)
	at javax.servlet.http.HttpServlet.service(HttpServlet.java:853)
	at com.evermind[Oracle Application Server Containers for J2EE 10g (9.0.4.0.0)].server.http.ResourceFilterChain.doFilter(ResourceFilterChain.java:65)
	at oracle.security.jazn.oc4j.JAZNFilter.doFilter(Unknown Source)
	at com.evermind[Oracle Application Server Containers for J2EE 10g (9.0.4.0.0)].server.http.ServletRequestDispatcher.invoke(ServletRequestDispatcher.java:604)
	at com.evermind[Oracle Application Server Containers for J2EE 10g (9.0.4.0.0)].server.http.ServletRequestDispatcher.forwardInternal(ServletRequestDispatcher.java:317)
	at com.evermind[Oracle Application Server Containers for J2EE 10g (9.0.4.0.0)].server.http.HttpRequestHandler.processRequest(HttpRequestHandler.java:790)
	at com.evermind[Oracle Application Server Containers for J2EE 10g (9.0.4.0.0)].server.http.HttpRequestHandler.run(HttpRequestHandler.java:270)
	at com.evermind[Oracle Application Server Containers for J2EE 10g (9.0.4.0.0)].server.http.HttpRequestHandler.run(HttpRequestHandler.java:112)
	at com.evermind[Oracle Application Server Containers for J2EE 10g (9.0.4.0.0)].util.ReleasableResourcePooledExecutor$MyWorker.run(ReleasableResourcePooledExecutor.java:192)
	at java.lang.Thread.run(Thread.java:534)
19/01/08 16:53:12 webclinic: Servlet error
java.lang.NullPointerException
	at _menu._Menu._jspService(Menu.jsp:24)
	at oracle.jsp.runtime.HttpJsp.service(HttpJsp.java:139)
	at oracle.jsp.runtimev2.JspPageTable.service(JspPageTable.java:349)
	at oracle.jsp.runtimev2.JspServlet.internalService(JspServlet.java:509)
	at oracle.jsp.runtimev2.JspServlet.service(JspServlet.java:413)
	at javax.servlet.http.HttpServlet.service(HttpServlet.java:853)
	at com.evermind[Oracle Application Server Containers for J2EE 10g (9.0.4.0.0)].server.http.ResourceFilterChain.doFilter(ResourceFilterChain.java:65)
	at oracle.security.jazn.oc4j.JAZNFilter.doFilter(Unknown Source)
	at com.evermind[Oracle Application Server Containers for J2EE 10g (9.0.4.0.0)].server.http.ServletRequestDispatcher.invoke(ServletRequestDispatcher.java:604)
	at com.evermind[Oracle Application Server Containers for J2EE 10g (9.0.4.0.0)].server.http.ServletRequestDispatcher.forwardInternal(ServletRequestDispatcher.java:317)
	at com.evermind[Oracle Application Server Containers for J2EE 10g (9.0.4.0.0)].server.http.HttpRequestHandler.processRequest(HttpRequestHandler.java:790)
	at com.evermind[Oracle Application Server Containers for J2EE 10g (9.0.4.0.0)].server.http.HttpRequestHandler.run(HttpRequestHandler.java:270)
	at com.evermind[Oracle Application Server Containers for J2EE 10g (9.0.4.0.0)].server.http.HttpRequestHandler.run(HttpRequestHandler.java:112)
	at com.evermind[Oracle Application Server Containers for J2EE 10g (9.0.4.0.0)].util.ReleasableResourcePooledExecutor$MyWorker.run(ReleasableResourcePooledExecutor.java:192)
	at java.lang.Thread.run(Thread.java:534)
19/01/08 22:38:59 Started
19/01/08 22:39:01 webclinic: JDevOJSP: init
19/01/08 22:39:01 webclinic: 9.0.4.0.0 Started
19/01/08 22:45:56 webclinic: ProcesoAcceso: init
19/01/08 22:46:03 webclinic: ProcesoAtencion: init
19/01/08 23:07:52 webclinic: Software caused connection abort: socket write error
19/01/08 23:08:21 webclinic: ProcesoSolicitud: init
19/01/08 23:08:22 webclinic: Servlet error
java.lang.NullPointerException
	at com.clinica.controller.ProcesoSolicitud.doGet(ProcesoSolicitud.java:234)
	at com.clinica.controller.ProcesoSolicitud.doPost(ProcesoSolicitud.java:1127)
	at javax.servlet.http.HttpServlet.service(HttpServlet.java:760)
	at javax.servlet.http.HttpServlet.service(HttpServlet.java:853)
	at com.evermind[Oracle Application Server Containers for J2EE 10g (9.0.4.0.0)].server.http.ResourceFilterChain.doFilter(ResourceFilterChain.java:65)
	at oracle.security.jazn.oc4j.JAZNFilter.doFilter(Unknown Source)
	at com.evermind[Oracle Application Server Containers for J2EE 10g (9.0.4.0.0)].server.http.ServletRequestDispatcher.invoke(ServletRequestDispatcher.java:604)
	at com.evermind[Oracle Application Server Containers for J2EE 10g (9.0.4.0.0)].server.http.ServletRequestDispatcher.forwardInternal(ServletRequestDispatcher.java:317)
	at com.evermind[Oracle Application Server Containers for J2EE 10g (9.0.4.0.0)].server.http.HttpRequestHandler.processRequest(HttpRequestHandler.java:790)
	at com.evermind[Oracle Application Server Containers for J2EE 10g (9.0.4.0.0)].server.http.HttpRequestHandler.run(HttpRequestHandler.java:270)
	at com.evermind[Oracle Application Server Containers for J2EE 10g (9.0.4.0.0)].server.http.HttpRequestHandler.run(HttpRequestHandler.java:112)
	at com.evermind[Oracle Application Server Containers for J2EE 10g (9.0.4.0.0)].util.ReleasableResourcePooledExecutor$MyWorker.run(ReleasableResourcePooledExecutor.java:192)
	at java.lang.Thread.run(Thread.java:534)
19/01/08 23:08:23 webclinic: Servlet error
java.lang.NullPointerException
	at com.clinica.controller.ProcesoSolicitud.doGet(ProcesoSolicitud.java:234)
	at com.clinica.controller.ProcesoSolicitud.doPost(ProcesoSolicitud.java:1127)
	at javax.servlet.http.HttpServlet.service(HttpServlet.java:760)
	at javax.servlet.http.HttpServlet.service(HttpServlet.java:853)
	at com.evermind[Oracle Application Server Containers for J2EE 10g (9.0.4.0.0)].server.http.ResourceFilterChain.doFilter(ResourceFilterChain.java:65)
	at oracle.security.jazn.oc4j.JAZNFilter.doFilter(Unknown Source)
	at com.evermind[Oracle Application Server Containers for J2EE 10g (9.0.4.0.0)].server.http.ServletRequestDispatcher.invoke(ServletRequestDispatcher.java:604)
	at com.evermind[Oracle Application Server Containers for J2EE 10g (9.0.4.0.0)].server.http.ServletRequestDispatcher.forwardInternal(ServletRequestDispatcher.java:317)
	at com.evermind[Oracle Application Server Containers for J2EE 10g (9.0.4.0.0)].server.http.HttpRequestHandler.processRequest(HttpRequestHandler.java:790)
	at com.evermind[Oracle Application Server Containers for J2EE 10g (9.0.4.0.0)].server.http.HttpRequestHandler.run(HttpRequestHandler.java:270)
	at com.evermind[Oracle Application Server Containers for J2EE 10g (9.0.4.0.0)].server.http.HttpRequestHandler.run(HttpRequestHandler.java:112)
	at com.evermind[Oracle Application Server Containers for J2EE 10g (9.0.4.0.0)].util.ReleasableResourcePooledExecutor$MyWorker.run(ReleasableResourcePooledExecutor.java:192)
	at java.lang.Thread.run(Thread.java:534)
19/01/08 23:10:02 webclinic: com.evermind.server.http.NotFoundServlet: init
19/01/08 23:11:38 webclinic: Connection reset by peer: socket write error
19/01/08 23:11:39 webclinic: Connection reset by peer: socket write error
19/01/08 23:59:40 webclinic: Connection reset by peer: socket write error
19/01/08 23:59:40 webclinic: Connection reset by peer: socket write error
19/01/08 23:59:40 webclinic: Connection reset by peer: socket write error
19/01/08 23:59:40 webclinic: Connection reset by peer: socket write error
19/01/09 00:14:05 webclinic: Connection reset by peer: socket write error
19/01/09 00:39:43 Started
19/01/09 00:39:44 webclinic: JDevOJSP: init
19/01/09 00:39:44 webclinic: 9.0.4.0.0 Started
19/01/09 00:39:55 webclinic: ProcesoAcceso: init
19/01/09 00:43:00 webclinic: ProcesoAtencion: init
19/01/09 00:44:34 Started
19/01/09 00:44:35 webclinic: JDevOJSP: init
19/01/09 00:44:35 webclinic: 9.0.4.0.0 Started
19/01/09 00:44:43 webclinic: ProcesoAcceso: init
19/01/09 00:47:24 webclinic: ProcesoAtencion: init
19/01/09 00:48:42 Started
19/01/09 00:48:43 webclinic: JDevOJSP: init
19/01/09 00:48:43 webclinic: 9.0.4.0.0 Started
19/01/09 00:48:52 webclinic: ProcesoAcceso: init
19/01/09 00:50:13 Started
19/01/09 00:50:14 webclinic: JDevOJSP: init
19/01/09 00:50:14 webclinic: 9.0.4.0.0 Started
19/01/09 00:50:42 webclinic: ProcesoAcceso: init
19/01/09 00:52:49 Started
19/01/09 00:52:50 webclinic: JDevOJSP: init
19/01/09 00:52:50 webclinic: 9.0.4.0.0 Started
19/01/09 00:52:57 webclinic: ProcesoAcceso: init
19/01/09 14:39:45 Started
19/01/09 14:39:46 webclinic: JDevOJSP: init
19/01/09 14:39:46 webclinic: 9.0.4.0.0 Started
19/01/09 14:40:19 webclinic: ProcesoAcceso: init
19/01/09 14:41:22 webclinic: Connection reset by peer: socket write error
19/01/09 14:41:22 webclinic: Connection reset by peer: socket write error
19/01/09 14:41:22 webclinic: Connection reset by peer: socket write error
19/01/09 14:41:22 webclinic: Connection reset by peer: socket write error
19/01/09 14:41:22 webclinic: com.evermind.server.http.NotFoundServlet: init
19/01/09 14:41:24 webclinic: Connection reset by peer: socket write error
19/01/09 14:41:24 webclinic: Connection reset by peer: socket write error
19/01/09 14:41:24 webclinic: Connection reset by peer: socket write error
19/01/09 14:41:24 webclinic: Connection reset by peer: socket write error
19/01/09 15:37:27 Started
19/01/09 15:37:28 webclinic: JDevOJSP: init
19/01/09 15:37:28 webclinic: 9.0.4.0.0 Started
19/01/09 15:37:38 webclinic: ProcesoAcceso: init
19/01/09 15:38:20 webclinic: ProcesoAtencion: init
19/01/09 15:38:33 webclinic: ProcesoValida: init
19/01/09 15:38:38 webclinic: ProcesoSolicitud: init
19/01/09 15:39:27 webclinic: com.evermind.server.http.NotFoundServlet: init
19/01/09 15:39:30 webclinic: Servlet error
java.lang.NullPointerException
	at _flujo._Solicitud._jspService(Solicitud.jsp:310)
	at oracle.jsp.runtime.HttpJsp.service(HttpJsp.java:139)
	at oracle.jsp.runtimev2.JspPageTable.service(JspPageTable.java:349)
	at oracle.jsp.runtimev2.JspServlet.internalService(JspServlet.java:509)
	at oracle.jsp.runtimev2.JspServlet.service(JspServlet.java:413)
	at javax.servlet.http.HttpServlet.service(HttpServlet.java:853)
	at com.evermind[Oracle Application Server Containers for J2EE 10g (9.0.4.0.0)].server.http.ResourceFilterChain.doFilter(ResourceFilterChain.java:65)
	at oracle.security.jazn.oc4j.JAZNFilter.doFilter(Unknown Source)
	at com.evermind[Oracle Application Server Containers for J2EE 10g (9.0.4.0.0)].server.http.ServletRequestDispatcher.invoke(ServletRequestDispatcher.java:604)
	at com.evermind[Oracle Application Server Containers for J2EE 10g (9.0.4.0.0)].server.http.ServletRequestDispatcher.forwardInternal(ServletRequestDispatcher.java:317)
	at com.evermind[Oracle Application Server Containers for J2EE 10g (9.0.4.0.0)].server.http.HttpRequestHandler.processRequest(HttpRequestHandler.java:790)
	at com.evermind[Oracle Application Server Containers for J2EE 10g (9.0.4.0.0)].server.http.HttpRequestHandler.run(HttpRequestHandler.java:270)
	at com.evermind[Oracle Application Server Containers for J2EE 10g (9.0.4.0.0)].server.http.HttpRequestHandler.run(HttpRequestHandler.java:112)
	at com.evermind[Oracle Application Server Containers for J2EE 10g (9.0.4.0.0)].util.ReleasableResourcePooledExecutor$MyWorker.run(ReleasableResourcePooledExecutor.java:192)
	at java.lang.Thread.run(Thread.java:534)
19/01/09 15:39:30 webclinic: Connection reset by peer: socket write error
19/01/09 15:39:30 webclinic: Connection reset by peer: socket write error
19/01/09 15:39:30 webclinic: Connection reset by peer: socket write error
19/01/09 15:39:30 webclinic: Connection reset by peer: socket write error
19/01/09 15:45:08 webclinic: Connection reset by peer: socket write error
19/01/09 15:45:10 webclinic: Connection reset by peer: socket write error
19/01/09 17:00:20 Started
19/01/09 17:00:22 webclinic: JDevOJSP: init
19/01/09 17:00:22 webclinic: 9.0.4.0.0 Started
19/01/09 17:00:48 webclinic: ProcesoAcceso: init
19/01/09 17:01:09 webclinic: ProcesoAtencion: init
19/01/09 17:01:36 webclinic: ProcesoValida: init
19/01/09 17:01:46 webclinic: ProcesoSolicitud: init
19/01/09 19:21:09 Started
19/01/09 19:21:10 webclinic: JDevOJSP: init
19/01/09 19:21:10 webclinic: 9.0.4.0.0 Started
19/01/09 19:21:17 Started
19/01/09 19:21:18 webclinic: JDevOJSP: init
19/01/09 19:21:18 webclinic: 9.0.4.0.0 Started
19/01/09 19:22:19 Started
19/01/09 19:22:20 webclinic: JDevOJSP: init
19/01/09 19:22:20 webclinic: 9.0.4.0.0 Started
19/01/09 19:22:50 webclinic: ProcesoAcceso: init
19/01/09 19:23:35 webclinic: ProcesoAtencion: init
19/01/09 19:23:58 webclinic: ProcesoValida: init
19/01/09 19:24:15 webclinic: ProcesoSolicitud: init
19/01/09 19:25:27 webclinic: com.evermind.server.http.NotFoundServlet: init
19/01/09 19:46:57 Started
19/01/09 19:46:58 webclinic: JDevOJSP: init
19/01/09 19:46:58 webclinic: 9.0.4.0.0 Started
19/01/09 19:47:04 webclinic: ProcesoAcceso: init
19/01/09 19:47:08 webclinic: com.evermind.server.http.NotFoundServlet: init
19/01/10 19:18:38 Started
19/01/10 19:18:39 webclinic: JDevOJSP: init
19/01/10 19:18:39 webclinic: 9.0.4.0.0 Started
19/01/10 19:19:00 webclinic: com.evermind.server.http.NotFoundServlet: init
19/01/10 19:45:22 Started
19/01/10 19:45:23 webclinic: JDevOJSP: init
19/01/10 19:45:23 webclinic: 9.0.4.0.0 Started
19/01/10 19:56:21 Started
19/01/10 19:56:22 webclinic: JDevOJSP: init
19/01/10 19:56:22 webclinic: 9.0.4.0.0 Started
19/01/10 20:17:00 Started
19/01/10 20:17:01 webclinic: JDevOJSP: init
19/01/10 20:17:01 webclinic: 9.0.4.0.0 Started
19/01/10 20:22:52 Started
19/01/10 20:22:53 webclinic: JDevOJSP: init
19/01/10 20:22:53 webclinic: 9.0.4.0.0 Started
19/01/10 20:23:04 webclinic: com.evermind.server.http.NotFoundServlet: init
19/01/10 20:36:34 Started
19/01/10 20:36:34 webclinic: JDevOJSP: init
19/01/10 20:36:34 webclinic: 9.0.4.0.0 Started
19/01/10 20:50:09 Started
19/01/10 20:50:10 webclinic: JDevOJSP: init
19/01/10 20:50:10 webclinic: 9.0.4.0.0 Started
19/01/10 20:50:22 webclinic: com.evermind.server.http.NotFoundServlet: init
19/01/10 20:57:09 Started
19/01/10 20:57:10 webclinic: JDevOJSP: init
19/01/10 20:57:10 webclinic: 9.0.4.0.0 Started
19/01/10 20:57:32 webclinic: com.evermind.server.http.NotFoundServlet: init
19/01/10 21:32:22 Started
19/01/10 21:32:23 webclinic: JDevOJSP: init
19/01/10 21:32:23 webclinic: 9.0.4.0.0 Started
19/01/10 21:32:33 webclinic: ProcesoAcceso: init
19/01/10 21:32:57 webclinic: ProcesoAtencion: init
19/01/10 21:34:41 Started
19/01/10 21:34:41 webclinic: JDevOJSP: init
19/01/10 21:34:41 webclinic: 9.0.4.0.0 Started
19/01/10 21:34:48 webclinic: ProcesoAcceso: init
19/01/10 21:34:56 webclinic: ProcesoAtencion: init
19/01/10 21:35:40 webclinic: com.evermind.server.http.NotFoundServlet: init
19/01/10 21:45:14 Started
19/01/10 21:45:15 webclinic: JDevOJSP: init
19/01/10 21:45:15 webclinic: 9.0.4.0.0 Started
19/01/10 21:45:15 webclinic: Servlet error
java.lang.NullPointerException
	at _consulta._DetalleCliente._jspService(DetalleCliente.jsp:57)
	at oracle.jsp.runtime.HttpJsp.service(HttpJsp.java:139)
	at oracle.jsp.runtimev2.JspPageTable.service(JspPageTable.java:349)
	at oracle.jsp.runtimev2.JspServlet.internalService(JspServlet.java:509)
	at oracle.jsp.runtimev2.JspServlet.service(JspServlet.java:413)
	at javax.servlet.http.HttpServlet.service(HttpServlet.java:853)
	at com.evermind[Oracle Application Server Containers for J2EE 10g (9.0.4.0.0)].server.http.ResourceFilterChain.doFilter(ResourceFilterChain.java:65)
	at oracle.security.jazn.oc4j.JAZNFilter.doFilter(Unknown Source)
	at com.evermind[Oracle Application Server Containers for J2EE 10g (9.0.4.0.0)].server.http.ServletRequestDispatcher.invoke(ServletRequestDispatcher.java:604)
	at com.evermind[Oracle Application Server Containers for J2EE 10g (9.0.4.0.0)].server.http.ServletRequestDispatcher.forwardInternal(ServletRequestDispatcher.java:317)
	at com.evermind[Oracle Application Server Containers for J2EE 10g (9.0.4.0.0)].server.http.HttpRequestHandler.processRequest(HttpRequestHandler.java:790)
	at com.evermind[Oracle Application Server Containers for J2EE 10g (9.0.4.0.0)].server.http.HttpRequestHandler.run(HttpRequestHandler.java:270)
	at com.evermind[Oracle Application Server Containers for J2EE 10g (9.0.4.0.0)].server.http.HttpRequestHandler.run(HttpRequestHandler.java:112)
	at com.evermind[Oracle Application Server Containers for J2EE 10g (9.0.4.0.0)].util.ReleasableResourcePooledExecutor$MyWorker.run(ReleasableResourcePooledExecutor.java:192)
	at java.lang.Thread.run(Thread.java:534)
19/01/10 21:45:26 Started
19/01/10 21:45:27 webclinic: JDevOJSP: init
19/01/10 21:45:27 webclinic: 9.0.4.0.0 Started
19/01/10 21:45:32 webclinic: ProcesoAcceso: init
19/01/10 21:45:59 Started
19/01/10 21:46:00 webclinic: JDevOJSP: init
19/01/10 21:46:00 webclinic: 9.0.4.0.0 Started
19/01/10 21:46:07 webclinic: ProcesoAcceso: init
19/01/10 21:46:17 webclinic: ProcesoAtencion: init
19/01/10 21:46:35 webclinic: Connection reset by peer: socket write error
19/01/10 21:46:37 webclinic: Connection reset by peer: socket write error
19/01/10 21:46:50 webclinic: ProcesoValida: init
19/01/10 21:56:34 webclinic: Connection reset by peer: socket write error
19/01/10 22:02:52 Started
19/01/10 22:02:53 webclinic: JDevOJSP: init
19/01/10 22:02:53 webclinic: 9.0.4.0.0 Started
19/01/10 22:03:23 webclinic: ProcesoAcceso: init
19/01/10 22:03:30 webclinic: ProcesoAtencion: init
19/01/10 22:05:31 Started
19/01/10 22:05:32 webclinic: JDevOJSP: init
19/01/10 22:05:32 webclinic: 9.0.4.0.0 Started
19/01/10 22:05:39 webclinic: ProcesoAcceso: init
19/01/10 22:05:46 webclinic: ProcesoAtencion: init
19/01/10 22:06:21 webclinic: com.evermind.server.http.NotFoundServlet: init
19/01/10 22:08:46 Started
19/01/10 22:08:47 webclinic: JDevOJSP: init
19/01/10 22:08:47 webclinic: 9.0.4.0.0 Started
19/01/10 22:09:02 webclinic: ProcesoAcceso: init
19/01/10 22:09:33 webclinic: ProcesoAtencion: init
19/01/10 22:10:28 webclinic: com.evermind.server.http.NotFoundServlet: init
19/01/10 22:28:59 webclinic: ProcesoValida: init
19/01/10 22:29:03 webclinic: ProcesoSolicitud: init
19/01/10 22:33:53 Started
19/01/10 22:33:54 webclinic: JDevOJSP: init
19/01/10 22:33:54 webclinic: 9.0.4.0.0 Started
19/01/10 22:34:14 webclinic: ProcesoAcceso: init
19/01/10 22:34:23 webclinic: ProcesoAtencion: init
19/01/10 22:36:13 webclinic: ProcesoValida: init
19/01/10 22:36:17 webclinic: ProcesoSolicitud: init
19/01/10 22:46:51 Started
19/01/10 22:46:51 webclinic: JDevOJSP: init
19/01/10 22:46:51 webclinic: 9.0.4.0.0 Started
19/01/11 02:58:17 Started
19/01/11 02:58:18 webclinic: JDevOJSP: init
19/01/11 02:58:18 webclinic: 9.0.4.0.0 Started
19/01/11 02:58:18 webclinic: JspServlet: No se ha podido distribuir a la pgina solicitada: java.lang.IllegalArgumentException: Puntos no vlidos en la ruta de acceso.
	at oracle.jsp.util.JspUtil.stripTarget(JspUtil.java:467)
	at oracle.jsp.util.JspUtil.stripTarget(JspUtil.java:458)
	at oracle.jsp.util.JspUtil.getFullClassNameFromURL(JspUtil.java:273)
	at oracle.jsp.runtimev2.JspPageInfo.<init>(JspPageInfo.java:132)
	at oracle.jsp.runtimev2.JspPageTable.getPageInfo(JspPageTable.java:435)
	at oracle.jsp.runtimev2.JspPageTable.service(JspPageTable.java:294)
	at oracle.jsp.runtimev2.JspServlet.internalService(JspServlet.java:509)
	at oracle.jsp.runtimev2.JspServlet.service(JspServlet.java:413)
	at javax.servlet.http.HttpServlet.service(HttpServlet.java:853)
	at com.evermind.server.http.ResourceFilterChain.doFilter(ResourceFilterChain.java:65)
	at oracle.security.jazn.oc4j.JAZNFilter.doFilter(Unknown Source)
	at com.evermind.server.http.ServletRequestDispatcher.invoke(ServletRequestDispatcher.java:604)
	at com.evermind.server.http.ServletRequestDispatcher.include(ServletRequestDispatcher.java:121)
	at com.evermind.server.http.EvermindPageContext.include(EvermindPageContext.java:267)
	at _Index._jspService(Index.jsp:24)
	at oracle.jsp.runtime.HttpJsp.service(HttpJsp.java:139)
	at oracle.jsp.runtimev2.JspPageTable.service(JspPageTable.java:349)
	at oracle.jsp.runtimev2.JspServlet.internalService(JspServlet.java:509)
	at oracle.jsp.runtimev2.JspServlet.service(JspServlet.java:413)
	at javax.servlet.http.HttpServlet.service(HttpServlet.java:853)
	at com.evermind.server.http.ResourceFilterChain.doFilter(ResourceFilterChain.java:65)
	at oracle.security.jazn.oc4j.JAZNFilter.doFilter(Unknown Source)
	at com.evermind.server.http.ServletRequestDispatcher.invoke(ServletRequestDispatcher.java:604)
	at com.evermind.server.http.ServletRequestDispatcher.forwardInternal(ServletRequestDispatcher.java:317)
	at com.evermind.server.http.HttpRequestHandler.processRequest(HttpRequestHandler.java:790)
	at com.evermind.server.http.HttpRequestHandler.run(HttpRequestHandler.java:270)
	at com.evermind.server.http.HttpRequestHandler.run(HttpRequestHandler.java:112)
	at com.evermind.util.ReleasableResourcePooledExecutor$MyWorker.run(ReleasableResourcePooledExecutor.java:186)
	at java.lang.Thread.run(Thread.java:534)

19/01/11 02:58:32 webclinic: JspServlet: No se ha podido distribuir a la pgina solicitada: java.lang.IllegalArgumentException: Puntos no vlidos en la ruta de acceso.
	at oracle.jsp.util.JspUtil.stripTarget(JspUtil.java:467)
	at oracle.jsp.util.JspUtil.stripTarget(JspUtil.java:458)
	at oracle.jsp.util.JspUtil.getFullClassNameFromURL(JspUtil.java:273)
	at oracle.jsp.runtimev2.JspPageInfo.<init>(JspPageInfo.java:132)
	at oracle.jsp.runtimev2.JspPageTable.getPageInfo(JspPageTable.java:435)
	at oracle.jsp.runtimev2.JspPageTable.service(JspPageTable.java:294)
	at oracle.jsp.runtimev2.JspServlet.internalService(JspServlet.java:509)
	at oracle.jsp.runtimev2.JspServlet.service(JspServlet.java:413)
	at javax.servlet.http.HttpServlet.service(HttpServlet.java:853)
	at com.evermind.server.http.ResourceFilterChain.doFilter(ResourceFilterChain.java:65)
	at oracle.security.jazn.oc4j.JAZNFilter.doFilter(Unknown Source)
	at com.evermind.server.http.ServletRequestDispatcher.invoke(ServletRequestDispatcher.java:604)
	at com.evermind.server.http.ServletRequestDispatcher.include(ServletRequestDispatcher.java:121)
	at com.evermind.server.http.EvermindPageContext.include(EvermindPageContext.java:267)
	at _Index._jspService(Index.jsp:24)
	at oracle.jsp.runtime.HttpJsp.service(HttpJsp.java:139)
	at oracle.jsp.runtimev2.JspPageTable.service(JspPageTable.java:349)
	at oracle.jsp.runtimev2.JspServlet.internalService(JspServlet.java:509)
	at oracle.jsp.runtimev2.JspServlet.service(JspServlet.java:413)
	at javax.servlet.http.HttpServlet.service(HttpServlet.java:853)
	at com.evermind.server.http.ResourceFilterChain.doFilter(ResourceFilterChain.java:65)
	at oracle.security.jazn.oc4j.JAZNFilter.doFilter(Unknown Source)
	at com.evermind.server.http.ServletRequestDispatcher.invoke(ServletRequestDispatcher.java:604)
	at com.evermind.server.http.ServletRequestDispatcher.forwardInternal(ServletRequestDispatcher.java:317)
	at com.evermind.server.http.HttpRequestHandler.processRequest(HttpRequestHandler.java:790)
	at com.evermind.server.http.HttpRequestHandler.run(HttpRequestHandler.java:270)
	at com.evermind.server.http.HttpRequestHandler.run(HttpRequestHandler.java:112)
	at com.evermind.util.ReleasableResourcePooledExecutor$MyWorker.run(ReleasableResourcePooledExecutor.java:192)
	at java.lang.Thread.run(Thread.java:534)

19/01/11 02:58:46 Started
19/01/11 02:58:46 webclinic: JDevOJSP: init
19/01/11 02:58:46 webclinic: 9.0.4.0.0 Started
19/01/11 02:58:46 webclinic: JspServlet: No se ha podido distribuir a la pgina solicitada: java.lang.IllegalArgumentException: Puntos no vlidos en la ruta de acceso.
	at oracle.jsp.util.JspUtil.stripTarget(JspUtil.java:467)
	at oracle.jsp.util.JspUtil.stripTarget(JspUtil.java:458)
	at oracle.jsp.util.JspUtil.getFullClassNameFromURL(JspUtil.java:273)
	at oracle.jsp.runtimev2.JspPageInfo.<init>(JspPageInfo.java:132)
	at oracle.jsp.runtimev2.JspPageTable.getPageInfo(JspPageTable.java:435)
	at oracle.jsp.runtimev2.JspPageTable.service(JspPageTable.java:294)
	at oracle.jsp.runtimev2.JspServlet.internalService(JspServlet.java:509)
	at oracle.jsp.runtimev2.JspServlet.service(JspServlet.java:413)
	at javax.servlet.http.HttpServlet.service(HttpServlet.java:853)
	at com.evermind.server.http.ResourceFilterChain.doFilter(ResourceFilterChain.java:65)
	at oracle.security.jazn.oc4j.JAZNFilter.doFilter(Unknown Source)
	at com.evermind.server.http.ServletRequestDispatcher.invoke(ServletRequestDispatcher.java:604)
	at com.evermind.server.http.ServletRequestDispatcher.include(ServletRequestDispatcher.java:121)
	at com.evermind.server.http.EvermindPageContext.include(EvermindPageContext.java:267)
	at _Index._jspService(Index.jsp:24)
	at oracle.jsp.runtime.HttpJsp.service(HttpJsp.java:139)
	at oracle.jsp.runtimev2.JspPageTable.service(JspPageTable.java:349)
	at oracle.jsp.runtimev2.JspServlet.internalService(JspServlet.java:509)
	at oracle.jsp.runtimev2.JspServlet.service(JspServlet.java:413)
	at javax.servlet.http.HttpServlet.service(HttpServlet.java:853)
	at com.evermind.server.http.ResourceFilterChain.doFilter(ResourceFilterChain.java:65)
	at oracle.security.jazn.oc4j.JAZNFilter.doFilter(Unknown Source)
	at com.evermind.server.http.ServletRequestDispatcher.invoke(ServletRequestDispatcher.java:604)
	at com.evermind.server.http.ServletRequestDispatcher.forwardInternal(ServletRequestDispatcher.java:317)
	at com.evermind.server.http.HttpRequestHandler.processRequest(HttpRequestHandler.java:790)
	at com.evermind.server.http.HttpRequestHandler.run(HttpRequestHandler.java:270)
	at com.evermind.server.http.HttpRequestHandler.run(HttpRequestHandler.java:112)
	at com.evermind.util.ReleasableResourcePooledExecutor$MyWorker.run(ReleasableResourcePooledExecutor.java:186)
	at java.lang.Thread.run(Thread.java:534)

19/01/11 03:00:00 Started
19/01/11 03:00:00 webclinic: JDevOJSP: init
19/01/11 03:00:00 webclinic: 9.0.4.0.0 Started
19/01/11 03:00:00 webclinic: JspServlet: No se ha podido distribuir a la pgina solicitada: java.lang.IllegalArgumentException: Puntos no vlidos en la ruta de acceso.
	at oracle.jsp.util.JspUtil.stripTarget(JspUtil.java:467)
	at oracle.jsp.util.JspUtil.stripTarget(JspUtil.java:458)
	at oracle.jsp.util.JspUtil.getFullClassNameFromURL(JspUtil.java:273)
	at oracle.jsp.runtimev2.JspPageInfo.<init>(JspPageInfo.java:132)
	at oracle.jsp.runtimev2.JspPageTable.getPageInfo(JspPageTable.java:435)
	at oracle.jsp.runtimev2.JspPageTable.service(JspPageTable.java:294)
	at oracle.jsp.runtimev2.JspServlet.internalService(JspServlet.java:509)
	at oracle.jsp.runtimev2.JspServlet.service(JspServlet.java:413)
	at javax.servlet.http.HttpServlet.service(HttpServlet.java:853)
	at com.evermind.server.http.ResourceFilterChain.doFilter(ResourceFilterChain.java:65)
	at oracle.security.jazn.oc4j.JAZNFilter.doFilter(Unknown Source)
	at com.evermind.server.http.ServletRequestDispatcher.invoke(ServletRequestDispatcher.java:604)
	at com.evermind.server.http.ServletRequestDispatcher.include(ServletRequestDispatcher.java:121)
	at com.evermind.server.http.EvermindPageContext.include(EvermindPageContext.java:267)
	at _Index._jspService(Index.jsp:24)
	at oracle.jsp.runtime.HttpJsp.service(HttpJsp.java:139)
	at oracle.jsp.runtimev2.JspPageTable.service(JspPageTable.java:349)
	at oracle.jsp.runtimev2.JspServlet.internalService(JspServlet.java:509)
	at oracle.jsp.runtimev2.JspServlet.service(JspServlet.java:413)
	at javax.servlet.http.HttpServlet.service(HttpServlet.java:853)
	at com.evermind.server.http.ResourceFilterChain.doFilter(ResourceFilterChain.java:65)
	at oracle.security.jazn.oc4j.JAZNFilter.doFilter(Unknown Source)
	at com.evermind.server.http.ServletRequestDispatcher.invoke(ServletRequestDispatcher.java:604)
	at com.evermind.server.http.ServletRequestDispatcher.forwardInternal(ServletRequestDispatcher.java:317)
	at com.evermind.server.http.HttpRequestHandler.processRequest(HttpRequestHandler.java:790)
	at com.evermind.server.http.HttpRequestHandler.run(HttpRequestHandler.java:270)
	at com.evermind.server.http.HttpRequestHandler.run(HttpRequestHandler.java:112)
	at com.evermind.util.ReleasableResourcePooledExecutor$MyWorker.run(ReleasableResourcePooledExecutor.java:192)
	at java.lang.Thread.run(Thread.java:534)

19/01/11 03:11:46 Started
19/01/11 03:11:46 webclinic: JDevOJSP: init
19/01/11 03:11:46 webclinic: 9.0.4.0.0 Started
19/01/11 03:11:46 webclinic: JspServlet: No se ha podido distribuir a la pgina solicitada: java.lang.IllegalArgumentException: Puntos no vlidos en la ruta de acceso.
	at oracle.jsp.util.JspUtil.stripTarget(JspUtil.java:467)
	at oracle.jsp.util.JspUtil.stripTarget(JspUtil.java:458)
	at oracle.jsp.util.JspUtil.getFullClassNameFromURL(JspUtil.java:273)
	at oracle.jsp.runtimev2.JspPageInfo.<init>(JspPageInfo.java:132)
	at oracle.jsp.runtimev2.JspPageTable.getPageInfo(JspPageTable.java:435)
	at oracle.jsp.runtimev2.JspPageTable.service(JspPageTable.java:294)
	at oracle.jsp.runtimev2.JspServlet.internalService(JspServlet.java:509)
	at oracle.jsp.runtimev2.JspServlet.service(JspServlet.java:413)
	at javax.servlet.http.HttpServlet.service(HttpServlet.java:853)
	at com.evermind.server.http.ResourceFilterChain.doFilter(ResourceFilterChain.java:65)
	at oracle.security.jazn.oc4j.JAZNFilter.doFilter(Unknown Source)
	at com.evermind.server.http.ServletRequestDispatcher.invoke(ServletRequestDispatcher.java:604)
	at com.evermind.server.http.ServletRequestDispatcher.include(ServletRequestDispatcher.java:121)
	at com.evermind.server.http.EvermindPageContext.include(EvermindPageContext.java:267)
	at _Index._jspService(Index.jsp:24)
	at oracle.jsp.runtime.HttpJsp.service(HttpJsp.java:139)
	at oracle.jsp.runtimev2.JspPageTable.service(JspPageTable.java:349)
	at oracle.jsp.runtimev2.JspServlet.internalService(JspServlet.java:509)
	at oracle.jsp.runtimev2.JspServlet.service(JspServlet.java:413)
	at javax.servlet.http.HttpServlet.service(HttpServlet.java:853)
	at com.evermind.server.http.ResourceFilterChain.doFilter(ResourceFilterChain.java:65)
	at oracle.security.jazn.oc4j.JAZNFilter.doFilter(Unknown Source)
	at com.evermind.server.http.ServletRequestDispatcher.invoke(ServletRequestDispatcher.java:604)
	at com.evermind.server.http.ServletRequestDispatcher.forwardInternal(ServletRequestDispatcher.java:317)
	at com.evermind.server.http.HttpRequestHandler.processRequest(HttpRequestHandler.java:790)
	at com.evermind.server.http.HttpRequestHandler.run(HttpRequestHandler.java:270)
	at com.evermind.server.http.HttpRequestHandler.run(HttpRequestHandler.java:112)
	at com.evermind.util.ReleasableResourcePooledExecutor$MyWorker.run(ReleasableResourcePooledExecutor.java:192)
	at java.lang.Thread.run(Thread.java:534)

19/01/11 03:12:21 Started
19/01/11 03:12:21 webclinic: JDevOJSP: init
19/01/11 03:12:21 webclinic: 9.0.4.0.0 Started
19/01/11 03:12:45 Started
19/01/11 03:12:46 webclinic: JDevOJSP: init
19/01/11 03:12:46 webclinic: 9.0.4.0.0 Started
19/01/11 03:12:46 webclinic: JspServlet: No se ha podido distribuir a la pgina solicitada: java.lang.IllegalArgumentException: Puntos no vlidos en la ruta de acceso.
	at oracle.jsp.util.JspUtil.stripTarget(JspUtil.java:467)
	at oracle.jsp.util.JspUtil.stripTarget(JspUtil.java:458)
	at oracle.jsp.util.JspUtil.getFullClassNameFromURL(JspUtil.java:273)
	at oracle.jsp.runtimev2.JspPageInfo.<init>(JspPageInfo.java:132)
	at oracle.jsp.runtimev2.JspPageTable.getPageInfo(JspPageTable.java:435)
	at oracle.jsp.runtimev2.JspPageTable.service(JspPageTable.java:294)
	at oracle.jsp.runtimev2.JspServlet.internalService(JspServlet.java:509)
	at oracle.jsp.runtimev2.JspServlet.service(JspServlet.java:413)
	at javax.servlet.http.HttpServlet.service(HttpServlet.java:853)
	at com.evermind.server.http.ResourceFilterChain.doFilter(ResourceFilterChain.java:65)
	at oracle.security.jazn.oc4j.JAZNFilter.doFilter(Unknown Source)
	at com.evermind.server.http.ServletRequestDispatcher.invoke(ServletRequestDispatcher.java:604)
	at com.evermind.server.http.ServletRequestDispatcher.include(ServletRequestDispatcher.java:121)
	at com.evermind.server.http.EvermindPageContext.include(EvermindPageContext.java:267)
	at _Index._jspService(Index.jsp:24)
	at oracle.jsp.runtime.HttpJsp.service(HttpJsp.java:139)
	at oracle.jsp.runtimev2.JspPageTable.service(JspPageTable.java:349)
	at oracle.jsp.runtimev2.JspServlet.internalService(JspServlet.java:509)
	at oracle.jsp.runtimev2.JspServlet.service(JspServlet.java:413)
	at javax.servlet.http.HttpServlet.service(HttpServlet.java:853)
	at com.evermind.server.http.ResourceFilterChain.doFilter(ResourceFilterChain.java:65)
	at oracle.security.jazn.oc4j.JAZNFilter.doFilter(Unknown Source)
	at com.evermind.server.http.ServletRequestDispatcher.invoke(ServletRequestDispatcher.java:604)
	at com.evermind.server.http.ServletRequestDispatcher.forwardInternal(ServletRequestDispatcher.java:317)
	at com.evermind.server.http.HttpRequestHandler.processRequest(HttpRequestHandler.java:790)
	at com.evermind.server.http.HttpRequestHandler.run(HttpRequestHandler.java:270)
	at com.evermind.server.http.HttpRequestHandler.run(HttpRequestHandler.java:112)
	at com.evermind.util.ReleasableResourcePooledExecutor$MyWorker.run(ReleasableResourcePooledExecutor.java:192)
	at java.lang.Thread.run(Thread.java:534)

19/01/11 03:13:14 webclinic: ProcesoAcceso: init
19/01/11 03:13:38 webclinic: ProcesoAtencion: init
19/01/11 03:17:32 Started
19/01/11 03:17:33 webclinic: JDevOJSP: init
19/01/11 03:17:33 webclinic: 9.0.4.0.0 Started
19/01/11 03:17:44 webclinic: ProcesoAcceso: init
